2022-01-14 11:34:45,922 INFO org.springframework.boot.StartupInfoLogger [restartedMain] Starting SakilaFilmsUpdaterApplication using Java 17 on DESKTOP-1VQQNOJ with PID 1412 (D:\PJWSTK\git\JAZ_st_2021_gr4\lab12\Sakila\sakila-films-updater\target\classes started by adamu in D:\PJWSTK\git\JAZ_st_2021_gr4\lab12\Sakila)
2022-01-14 11:34:45,925 INFO org.springframework.boot.SpringApplication [restartedMain] No active profile set, falling back to default profiles: default
2022-01-14 11:34:45,990 INFO org.springframework.boot.logging.DeferredLog [restartedMain] Devtools property defaults active! Set 'spring.devtools.add-properties' to 'false' to disable
2022-01-14 11:34:45,991 INFO org.springframework.boot.logging.DeferredLog [restartedMain] For additional web related logging consider setting the 'logging.level.web' property to 'DEBUG'
2022-01-14 11:34:47,071 INFO org.springframework.data.repository.config.RepositoryConfigurationDelegate [restartedMain] Bootstrapping Spring Data JPA repositories in DEFAULT mode.
2022-01-14 11:34:47,179 INFO org.springframework.data.repository.config.RepositoryConfigurationDelegate [restartedMain] Finished Spring Data repository scanning in 96 ms. Found 7 JPA repository interfaces.
2022-01-14 11:34:47,581 INFO org.springframework.context.support.PostProcessorRegistrationDelegate$BeanPostProcessorChecker [restartedMain] Bean 'org.springframework.ws.config.annotation.DelegatingWsConfiguration' of type [org.springframework.ws.config.annotation.DelegatingWsConfiguration$$EnhancerBySpringCGLIB$$3c7a92c4] is not eligible for getting processed by all BeanPostProcessors (for example: not eligible for auto-proxying)
2022-01-14 11:34:47,620 INFO org.springframework.ws.soap.addressing.server.AbstractAddressingEndpointMapping [restartedMain] Supporting [WS-Addressing August 2004, WS-Addressing 1.0]
2022-01-14 11:34:48,042 INFO org.springframework.boot.web.embedded.tomcat.TomcatWebServer [restartedMain] Tomcat initialized with port(s): 8081 (http)
2022-01-14 11:34:48,052 INFO org.apache.juli.logging.DirectJDKLog [restartedMain] Initializing ProtocolHandler ["http-nio-8081"]
2022-01-14 11:34:48,053 INFO org.apache.juli.logging.DirectJDKLog [restartedMain] Starting service [Tomcat]
2022-01-14 11:34:48,054 INFO org.apache.juli.logging.DirectJDKLog [restartedMain] Starting Servlet engine: [Apache Tomcat/9.0.55]
2022-01-14 11:34:48,172 INFO org.apache.juli.logging.DirectJDKLog [restartedMain] Initializing Spring embedded WebApplicationContext
2022-01-14 11:34:48,173 INFO org.springframework.boot.web.servlet.context.ServletWebServerApplicationContext [restartedMain] Root WebApplicationContext: initialization completed in 2181 ms
2022-01-14 11:34:48,487 INFO org.hibernate.jpa.internal.util.LogHelper [restartedMain] HHH000204: Processing PersistenceUnitInfo [name: default]
2022-01-14 11:34:48,582 INFO org.hibernate.Version [restartedMain] HHH000412: Hibernate ORM core version 5.6.1.Final
2022-01-14 11:34:48,833 INFO org.hibernate.annotations.common.reflection.java.JavaReflectionManager [restartedMain] HCANN000001: Hibernate Commons Annotations {5.1.2.Final}
2022-01-14 11:34:48,977 INFO com.zaxxer.hikari.HikariDataSource [restartedMain] HikariPool-1 - Starting...
2022-01-14 11:34:48,981 WARN com.zaxxer.hikari.util.DriverDataSource [restartedMain] Registered driver with driverClassName=com.mysql.jdbc.Driver was not found, trying direct instantiation.
2022-01-14 11:34:49,343 INFO com.zaxxer.hikari.HikariDataSource [restartedMain] HikariPool-1 - Start completed.
2022-01-14 11:34:49,377 INFO org.hibernate.dialect.Dialect [restartedMain] HHH000400: Using dialect: org.hibernate.dialect.MySQL8Dialect
2022-01-14 11:34:50,460 INFO org.hibernate.engine.transaction.jta.platform.internal.JtaPlatformInitiator [restartedMain] HHH000490: Using JtaPlatform implementation: [org.hibernate.engine.transaction.jta.platform.internal.NoJtaPlatform]
2022-01-14 11:34:50,471 INFO org.springframework.orm.jpa.AbstractEntityManagerFactoryBean [restartedMain] Initialized JPA EntityManagerFactory for persistence unit 'default'
2022-01-14 11:34:51,191 WARN org.springframework.boot.autoconfigure.orm.jpa.JpaBaseConfiguration$JpaWebConfiguration [restartedMain] spring.jpa.open-in-view is enabled by default. Therefore, database queries may be performed during view rendering. Explicitly configure spring.jpa.open-in-view to disable this warning
2022-01-14 11:34:51,615 INFO org.springframework.boot.devtools.autoconfigure.OptionalLiveReloadServer [restartedMain] LiveReload server is running on port 35729
2022-01-14 11:34:51,636 INFO org.apache.juli.logging.DirectJDKLog [restartedMain] Starting ProtocolHandler ["http-nio-8081"]
2022-01-14 11:34:51,655 INFO org.springframework.boot.web.embedded.tomcat.TomcatWebServer [restartedMain] Tomcat started on port(s): 8081 (http) with context path ''
2022-01-14 11:34:51,680 INFO org.springframework.boot.StartupInfoLogger [restartedMain] Started SakilaFilmsUpdaterApplication in 6.499 seconds (JVM running for 8.991)
2022-01-14 11:35:14,139 INFO org.springframework.boot.StartupInfoLogger [main] Starting SakilaReportServiceApplication using Java 17 on DESKTOP-1VQQNOJ with PID 7700 (D:\PJWSTK\git\JAZ_st_2021_gr4\lab12\Sakila\sakila-report-service\target\classes started by adamu in D:\PJWSTK\git\JAZ_st_2021_gr4\lab12\Sakila)
2022-01-14 11:35:14,141 INFO org.springframework.boot.SpringApplication [main] No active profile set, falling back to default profiles: default
2022-01-14 11:35:14,980 INFO org.springframework.data.repository.config.RepositoryConfigurationDelegate [main] Bootstrapping Spring Data JPA repositories in DEFAULT mode.
2022-01-14 11:35:15,089 INFO org.springframework.data.repository.config.RepositoryConfigurationDelegate [main] Finished Spring Data repository scanning in 99 ms. Found 7 JPA repository interfaces.
2022-01-14 11:35:15,451 INFO org.springframework.context.support.PostProcessorRegistrationDelegate$BeanPostProcessorChecker [main] Bean 'org.springframework.ws.config.annotation.DelegatingWsConfiguration' of type [org.springframework.ws.config.annotation.DelegatingWsConfiguration$$EnhancerBySpringCGLIB$$ef87cf9a] is not eligible for getting processed by all BeanPostProcessors (for example: not eligible for auto-proxying)
2022-01-14 11:35:15,484 INFO org.springframework.ws.soap.addressing.server.AbstractAddressingEndpointMapping [main] Supporting [WS-Addressing August 2004, WS-Addressing 1.0]
2022-01-14 11:35:15,834 INFO org.springframework.boot.web.embedded.tomcat.TomcatWebServer [main] Tomcat initialized with port(s): 8080 (http)
2022-01-14 11:35:15,848 INFO org.apache.juli.logging.DirectJDKLog [main] Initializing ProtocolHandler ["http-nio-8080"]
2022-01-14 11:35:15,849 INFO org.apache.juli.logging.DirectJDKLog [main] Starting service [Tomcat]
2022-01-14 11:35:15,851 INFO org.apache.juli.logging.DirectJDKLog [main] Starting Servlet engine: [Apache Tomcat/9.0.55]
2022-01-14 11:35:15,991 INFO org.apache.juli.logging.DirectJDKLog [main] Initializing Spring embedded WebApplicationContext
2022-01-14 11:35:15,991 INFO org.springframework.boot.web.servlet.context.ServletWebServerApplicationContext [main] Root WebApplicationContext: initialization completed in 1812 ms
2022-01-14 11:35:16,335 INFO org.hibernate.jpa.internal.util.LogHelper [main] HHH000204: Processing PersistenceUnitInfo [name: default]
2022-01-14 11:35:16,419 INFO org.hibernate.Version [main] HHH000412: Hibernate ORM core version 5.6.1.Final
2022-01-14 11:35:16,595 INFO org.hibernate.annotations.common.reflection.java.JavaReflectionManager [main] HCANN000001: Hibernate Commons Annotations {5.1.2.Final}
2022-01-14 11:35:16,754 INFO com.zaxxer.hikari.HikariDataSource [main] HikariPool-1 - Starting...
2022-01-14 11:35:16,757 WARN com.zaxxer.hikari.util.DriverDataSource [main] Registered driver with driverClassName=com.mysql.jdbc.Driver was not found, trying direct instantiation.
2022-01-14 11:35:17,128 INFO com.zaxxer.hikari.HikariDataSource [main] HikariPool-1 - Start completed.
2022-01-14 11:35:17,154 INFO org.hibernate.dialect.Dialect [main] HHH000400: Using dialect: org.hibernate.dialect.MySQL8Dialect
2022-01-14 11:35:18,117 INFO org.hibernate.engine.transaction.jta.platform.internal.JtaPlatformInitiator [main] HHH000490: Using JtaPlatform implementation: [org.hibernate.engine.transaction.jta.platform.internal.NoJtaPlatform]
2022-01-14 11:35:18,127 INFO org.springframework.orm.jpa.AbstractEntityManagerFactoryBean [main] Initialized JPA EntityManagerFactory for persistence unit 'default'
2022-01-14 11:35:18,837 WARN org.springframework.boot.autoconfigure.orm.jpa.JpaBaseConfiguration$JpaWebConfiguration [main] spring.jpa.open-in-view is enabled by default. Therefore, database queries may be performed during view rendering. Explicitly configure spring.jpa.open-in-view to disable this warning
2022-01-14 11:35:19,906 INFO org.apache.juli.logging.DirectJDKLog [main] Starting ProtocolHandler ["http-nio-8080"]
2022-01-14 11:35:19,924 INFO org.springframework.boot.web.embedded.tomcat.TomcatWebServer [main] Tomcat started on port(s): 8080 (http) with context path ''
2022-01-14 11:35:19,934 INFO org.springframework.boot.StartupInfoLogger [main] Started SakilaReportServiceApplication in 6.761 seconds (JVM running for 8.256)
2022-01-14 11:35:46,286 INFO org.apache.juli.logging.DirectJDKLog [http-nio-8080-exec-1] Initializing Spring DispatcherServlet 'dispatcherServlet'
2022-01-14 11:35:46,287 INFO org.springframework.web.servlet.FrameworkServlet [http-nio-8080-exec-1] Initializing Servlet 'dispatcherServlet'
2022-01-14 11:35:46,288 INFO org.springframework.web.servlet.FrameworkServlet [http-nio-8080-exec-1] Completed initialization in 1 ms
2022-01-14 11:35:53,919 INFO org.apache.juli.logging.DirectJDKLog [http-nio-8081-exec-1] Initializing Spring DispatcherServlet 'dispatcherServlet'
2022-01-14 11:35:53,919 INFO org.springframework.web.servlet.FrameworkServlet [http-nio-8081-exec-1] Initializing Servlet 'dispatcherServlet'
2022-01-14 11:35:53,920 INFO org.springframework.web.servlet.FrameworkServlet [http-nio-8081-exec-1] Completed initialization in 1 ms
2022-01-14 12:37:15,561 INFO org.springframework.orm.jpa.AbstractEntityManagerFactoryBean [SpringApplicationShutdownHook] Closing JPA EntityManagerFactory for persistence unit 'default'
2022-01-14 12:37:15,620 INFO com.zaxxer.hikari.HikariDataSource [SpringApplicationShutdownHook] HikariPool-1 - Shutdown initiated...
2022-01-14 12:37:15,653 INFO com.zaxxer.hikari.HikariDataSource [SpringApplicationShutdownHook] HikariPool-1 - Shutdown completed.
2022-01-14 12:37:18,497 INFO org.springframework.orm.jpa.AbstractEntityManagerFactoryBean [SpringApplicationShutdownHook] Closing JPA EntityManagerFactory for persistence unit 'default'
2022-01-14 12:37:18,559 INFO com.zaxxer.hikari.HikariDataSource [SpringApplicationShutdownHook] HikariPool-1 - Shutdown initiated...
2022-01-14 12:37:18,578 INFO com.zaxxer.hikari.HikariDataSource [SpringApplicationShutdownHook] HikariPool-1 - Shutdown completed.
